2017-09-14 11:04:06|   1.3|  1.3|INFORM|FME 2017.0.0.1 (20170316 - Build 17271 - WIN32)
2017-09-14 11:04:06|   1.3|  0.0|INFORM|FME_HOME is 'C:\Program Files (x86)\FME\2017\'
2017-09-14 11:04:06|   1.3|  0.0|INFORM|FME Oracle Edition (node locked-crc)
2017-09-14 11:04:06|   1.3|  0.0|INFORM|Serial Number: GMDX-QAC9-126T
2017-09-14 11:04:06|   1.3|  0.0|INFORM|Permanent License.
2017-09-14 11:04:06|   1.3|  0.0|INFORM|Machine host name is: GIS-FME
2017-09-14 11:04:06|   1.3|  0.0|INFORM|START - ProcessID: 10224, peak process memory usage: 29516 kB, current process memory usage: 29468 kB
2017-09-14 11:04:06|   1.3|  0.0|INFORM|FME Configuration: Command line arguments are `C:\Program Files (x86)\FME\2017\fme.exe' `D:/FME Scheduled_tasks/R_tasks\wb-xlate-1505383443696_5456' `LOG_STANDARDOUT' `YES' `LogCountServerName' `{4bdd1e87-6954-47e2-8773-fd6d117569f7}'
2017-09-14 11:04:06|   1.4|  0.1|INFORM|Shared folders for formats are : C:\Program Files (x86)\FME\2017\datasources;W:\Resources\FME\Custom Transforms\Formats;\\homedata\home$\SODonnell\FME\Formats
2017-09-14 11:04:06|   1.4|  0.0|INFORM|Shared folders for transformers are : C:\Program Files (x86)\FME\2017\transformers;W:\Resources\FME\Custom Transforms\Transformers;\\homedata\home$\SODonnell\FME\Transformers;C:\Users\so'donnell\AppData\Roaming\Safe Software\FME\FME Store\Transformers
2017-09-14 11:04:06|   1.4|  0.0|INFORM|Shared folders for coordinate systems are : W:\Resources\FME\Custom Transforms\CoordinateSystems;\\homedata\home$\SODonnell\FME\CoordinateSystems
2017-09-14 11:04:06|   1.4|  0.0|INFORM|Shared folders for coordinate system exceptions are : W:\Resources\FME\Custom Transforms\CoordinateSystemExceptions;\\homedata\home$\SODonnell\FME\CoordinateSystemExceptions
2017-09-14 11:04:06|   1.4|  0.0|INFORM|Shared folders for coordinate system grid overrides are : W:\Resources\FME\Custom Transforms\CoordinateSystemGridOverrides;\\homedata\home$\SODonnell\FME\CoordinateSystemGridOverrides
2017-09-14 11:04:06|   1.4|  0.0|INFORM|Shared folders for CS-MAP transformation exceptions are : W:\Resources\FME\Custom Transforms\CsmapTransformationExceptions;\\homedata\home$\SODonnell\FME\CsmapTransformationExceptions
2017-09-14 11:04:06|   1.5|  0.0|INFORM|Shared folders for transformer categories are : W:\Resources\FME\Custom Transforms\TransformerCategories;\\homedata\home$\SODonnell\FME\TransformerCategories
2017-09-14 11:04:06|   1.5|  0.0|INFORM|FME Configuration: Reader Keyword is `CSV2_1'
2017-09-14 11:04:06|   1.5|  0.0|INFORM|FME Configuration: Writer Keyword is `MULTI_WRITER'
2017-09-14 11:04:06|   1.5|  0.0|INFORM|FME Configuration: Writer Group Definition Keyword is `MULTI_WRITER_DEF'
2017-09-14 11:04:06|   1.5|  0.0|INFORM|FME Configuration: Reader type is `CSV2'
2017-09-14 11:04:06|   1.5|  0.0|INFORM|FME Configuration: Writer type is `MULTI_WRITER'
2017-09-14 11:04:06|   1.5|  0.0|INFORM|FME Configuration: No destination coordinate system set
2017-09-14 11:04:06|   1.5|  0.0|INFORM|FME Configuration: Current working folder is `D:\FME Scheduled_tasks\R_tasks'
2017-09-14 11:04:06|   1.5|  0.0|INFORM|FME Configuration: Temporary folder is `C:\temp\FME_TEMP_SO', set from environment variable `FME_TEMP'
2017-09-14 11:04:06|   1.5|  0.0|INFORM|FME Configuration: FME_HOME is `C:\Program Files (x86)\FME\2017\'
2017-09-14 11:04:06|   1.5|  0.0|INFORM|FME Configuration: FME_BASE is 'no'
2017-09-14 11:04:06|   1.5|  0.0|INFORM|FME Configuration: FME_MF_DIR is 'D:\FME Scheduled_tasks\R_tasks/'
2017-09-14 11:04:06|   1.5|  0.0|INFORM|FME Configuration: FME_MF_NAME is 'fgdb_postgis_AddressBasePlus_32bit.fmw'
2017-09-14 11:04:06|   1.5|  0.0|INFORM|FME Configuration: FME_PRODUCT_NAME is 'FME(R) 2017.0.0.1'
2017-09-14 11:04:06|   1.5|  0.0|INFORM|System Status: 11.39 GB of disk space available in the FME temporary folder (C:\temp\FME_TEMP_SO)
2017-09-14 11:04:06|   1.5|  0.0|INFORM|System Status: 4.00 GB of virtual memory available
2017-09-14 11:04:06|   1.5|  0.0|INFORM|Operating System: Microsoft Windows Server 2008 R2 Server 4.0 64-bit Service Pack 1 (Build 7601)
2017-09-14 11:04:06|   1.5|  0.0|INFORM|FME Platform: WIN32
2017-09-14 11:04:06|   1.5|  0.0|INFORM|Locale: en_US
2017-09-14 11:04:06|   1.5|  0.0|INFORM|Code Page: 1252  (ANSI - Latin I)
2017-09-14 11:04:06|   1.5|  0.0|INFORM|FME Configuration: Process limits are 32.00 GB of physical memory and 4.00 GB of address space
2017-09-14 11:04:06|   1.5|  0.0|INFORM|FME Configuration: Start freeing memory when process usage exceeds 2.83 GB of memory or 3.41 GB of address space
2017-09-14 11:04:06|   1.5|  0.0|INFORM|FME Configuration: Stop freeing memory when process usage is below 2.12 GB of memory and 2.56 GB of address space
2017-09-14 11:04:07|   1.5|  0.1|INFORM|Creating writer for format: 
2017-09-14 11:04:07|   1.7|  0.2|INFORM|Creating reader for format: CSV (Comma Separated Value)
2017-09-14 11:04:07|   1.8|  0.1|INFORM|Trying to find a DYNAMIC plugin for reader named `CSV2'
2017-09-14 11:04:07|   1.8|  0.0|INFORM|FME Configuration: Source coordinate system for reader CSV2_1[CSV2] set to `OSGB-GPS-2015'
2017-09-14 11:04:07|   1.8|  0.0|INFORM|Coordinate System `OSGB-GPS-2015' parameters: CS_NAME=`OSGB-GPS-2015' DESC_NM=`British National Grid (ETRS89 <-> OSGB via NTv2 approx OSTN15)' DT_NAME=`OSGB_FME' GROUP=`EUROPE' MAP_SCL=`1' MAX_LAT=`61' MAX_LNG=`2' MIN_LAT=`49' MIN_LNG=`-9' ORG_LAT=`49' PARM1=`-2' PROJ=`TM' QUAD=`1' SCL_RED=`0.99960127170000002' SOURCE=`Ordnance Survey, Transformations and OSGM15 User Guide' UNIT=`METER' X_OFF=`400000' Y_OFF=`-100000' ZERO_X=`0.001' ZERO_Y=`0.001' 
2017-09-14 11:04:07|   1.8|  0.0|WARN  |FME Configuration: Maximum of 100 feature(s) will be read starting from feature number 1
2017-09-14 11:04:07|   1.8|  0.0|INFORM|Loaded module 'CSV2' from file 'C:\Program Files (x86)\FME\2017\plugins/CSV2.dll'
2017-09-14 11:04:07|   1.8|  0.0|INFORM|FME API version of module 'CSV2' matches current internal version (3.8 20170315)
2017-09-14 11:04:07|   1.8|  0.0|INFORM|CSV reader: Opening dataset 'D:\FME Scheduled_tasks\R_tasks\201709\address_base_london_201709.csv'
2017-09-14 11:04:07|   1.8|  0.0|INFORM|CSV reader: Directive '_DELIMITER' has the value ','
2017-09-14 11:04:07|   1.8|  0.0|INFORM|CSV reader: Directive '_FIELD_NAMES_LINE' has the value '1'
2017-09-14 11:04:07|   1.8|  0.0|INFORM|CSV reader: Directive '_DATA_START_LINE' has the value '2'
2017-09-14 11:04:07|   1.8|  0.0|INFORM|CSV reader: Directive '_MAX_FEATURES' has the value '100'
2017-09-14 11:04:07|   1.8|  0.0|INFORM|CSV reader: Directive '_SCAN_MAX_ROWS' has the value '1000'
2017-09-14 11:04:07|   1.8|  0.0|INFORM|CSV reader: Directive '_READ_SKIPPED_LINES' has the value 'No'
2017-09-14 11:04:07|   1.8|  0.0|INFORM|CSV reader: Directive '_SKIP_DUPLICATE_DELIMITERS' has the value 'No'
2017-09-14 11:04:07|   1.8|  0.0|INFORM|CSV reader: Directive '_FIELD_QUALIFIER_CHARACTER' has the value '"'
2017-09-14 11:04:07|   1.8|  0.0|INFORM|CSV reader: Directive '_FIELD_QUALIFIER_ESCAPE_CHARACTER' has the value '"'
2017-09-14 11:04:07|   1.8|  0.0|INFORM|CSV reader: Directive '_TRIM_FIELD_NAME_QUALIFIERS' has the value 'Yes'
2017-09-14 11:04:07|   1.8|  0.0|INFORM|CSV reader: Directive '_TRIM_FIELD_VALUE_QUALIFIERS' has the value 'Yes'
2017-09-14 11:04:07|   1.8|  0.0|INFORM|CSV reader: Directive '_PRESERVE_SOURCE_ENCODING' has the value 'No'
2017-09-14 11:04:07|   1.8|  0.0|INFORM|CSV reader: Directive '_CASE_SENSITIVE_FIELD_NAMES' has the value 'Yes'
2017-09-14 11:04:07|   1.8|  0.0|INFORM|CSV reader: Directive '_ENFORCE_STRICT_SCHEMA' has the value 'No'
2017-09-14 11:04:07|   1.8|  0.0|INFORM|CSV reader: Directive '_SCAN_TYPES' has the value 'No'
2017-09-14 11:04:07|   1.8|  0.0|INFORM|CSV reader: Directive '_SCAN_ADDITIONAL_FIELDS' has the value 'No'
2017-09-14 11:04:07|   1.8|  0.0|INFORM|Using MultiWriter with keyword `MULTI_WRITER' to output data (ID_ATTRIBUTE is `multi_writer_id')
2017-09-14 11:04:07|   1.8|  0.0|INFORM|Writer output will be ordered by value of multi_writer_id
2017-09-14 11:04:07|   1.8|  0.0|INFORM|Loaded module 'LogCount_func' from file 'C:\Program Files (x86)\FME\2017\plugins/LogCount_func.dll'
2017-09-14 11:04:07|   1.8|  0.0|INFORM|FME API version of module 'LogCount_func' matches current internal version (3.8 20170315)
2017-09-14 11:04:07|   1.9|  0.1|INFORM|Creating writer for format: FME Feature Store (FFS)
2017-09-14 11:04:07|   2.0|  0.0|INFORM|FME Configuration: No destination coordinate system set
2017-09-14 11:04:08|   2.4|  0.4|STATS |Storing feature(s) to FME feature store file `C:\temp\FME_TEMP_SO\fgdb_postgis_AddressBasePlus_32bit_110406\inspector.ffs'
2017-09-14 11:04:08|   2.6|  0.2|INFORM|Emptying factory pipeline
2017-09-14 11:04:08|   2.6|  0.0|STATS |Router and Unexpected Input Remover(RoutingFactory): Tested 100 input feature(s), wrote 100 output feature(s): 100 matched merge filters, 100 were routed to output, 0 could not be routed.
2017-09-14 11:04:08|   2.6|  0.0|STATS |Unexpected Input Remover Nuker(TeeFactory): Cloned 0 input feature(s) into 0 output feature(s)
2017-09-14 11:04:08|   2.6|  0.0|STATS |CSV (CSV2_1) Splitter(TeeFactory): Cloned 100 input feature(s) into 100 output feature(s)
2017-09-14 11:04:08|   2.6|  0.0|STATS |CSV_CSV2_1 Feature Counter -1 40(TeeFactory): Cloned 100 input feature(s) into 100 output feature(s)
2017-09-14 11:04:08|   2.6|  0.0|STATS |AttributeRenamer_OUTPUT Feature Counter -1 31(TeeFactory): Cloned 100 input feature(s) into 100 output feature(s)
2017-09-14 11:04:08|   2.6|  0.0|STATS |AttributeCreator_OUTPUT Feature Counter -1 30(TeeFactory): Cloned 100 input feature(s) into 100 output feature(s)
2017-09-14 11:04:08|   2.6|  0.0|STATS |StringPadder_CheckWidth(TestFactory): Tested 100 input feature(s) -- 100 feature(s) passed and 0 feature(s) failed
2017-09-14 11:04:08|   2.6|  0.0|STATS |StringPadder_StringPadder(TeeFactory): Cloned 100 input feature(s) into 100 output feature(s)
2017-09-14 11:04:08|   2.6|  0.0|STATS |StringPadder_OUTPUT Feature Counter -1 27(TeeFactory): Cloned 100 input feature(s) into 100 output feature(s)
2017-09-14 11:04:08|   2.6|  0.0|STATS |StringPadder_<REJECTED> Feature Counter -1 2147680272(TeeFactory): Cloned 0 input feature(s) into 0 output feature(s)
2017-09-14 11:04:08|   2.6|  0.0|STATS |DateFormatter(TeeFactory): Cloned 100 input feature(s) into 100 output feature(s)
2017-09-14 11:04:08|   2.6|  0.0|STATS |DateFormatter OUTPUT Splitter(TeeFactory): Cloned 100 input feature(s) into 200 output feature(s)
2017-09-14 11:04:08|   2.6|  0.0|STATS |DateFormatter_OUTPUT_0_YpfMlOcsqbc= Feature Counter -1 36(TeeFactory): Cloned 100 input feature(s) into 100 output feature(s)
2017-09-14 11:04:08|   2.6|  0.0|STATS |DateFormatter_OUTPUT_1_eCGJRU9ZN8Y= Feature Counter -1 22(TeeFactory): Cloned 100 input feature(s) into 100 output feature(s)
2017-09-14 11:04:08|   2.6|  0.0|STATS |DateFormatter_Output_DirCreator(CreationFactory): Created 1 features
2017-09-14 11:04:08|   2.6|  0.0|STATS |DateFormatter_Output_DirCreatorCleanerUpper(TeeFactory): Cloned 1 input feature(s) into 0 output feature(s)
2017-09-14 11:04:08|   2.6|  0.0|STATS |DateFormatter_Output_FeatureDirector(TestFactory): Tested 100 input feature(s) -- 0 feature(s) passed and 100 feature(s) failed
2017-09-14 11:04:08|   2.6|  0.0|STATS |DateFormatter_Output___FeatureDirector1(TestFactory): Tested 100 input feature(s) -- 0 feature(s) passed and 100 feature(s) failed
2017-09-14 11:04:08|   2.6|  0.0|STATS |DateFormatter_Output_VectorSetterUpper(TeeFactory): Cloned 100 input feature(s) into 100 output feature(s)
2017-09-14 11:04:08|   2.6|  0.0|STATS |DateFormatter_Output___PointCloudThinner(TeeFactory): Cloned 0 input feature(s) into 0 output feature(s)
2017-09-14 11:04:08|   2.6|  0.0|STATS |DateFormatter_Output_RasterSetterUpper(TeeFactory): Cloned 0 input feature(s) into 0 output feature(s)
2017-09-14 11:04:08|   2.6|  0.0|INFORM|Saving spatial index into file 'C:\temp\FME_TEMP_SO\fgdb_postgis_AddressBasePlus_32bit_110406\inspector.fsi'
2017-09-14 11:04:08|   2.6|  0.0|INFORM|Finished saving spatial index into file 'C:\temp\FME_TEMP_SO\fgdb_postgis_AddressBasePlus_32bit_110406\inspector.fsi'
2017-09-14 11:04:08|   2.6|  0.0|STATS |Stored 100 feature(s) to FME feature store file `C:\temp\FME_TEMP_SO\fgdb_postgis_AddressBasePlus_32bit_110406\inspector.ffs'
2017-09-14 11:04:08|   2.6|  0.0|INFORM|DateFormatter_Output_Recorder(RecorderFactory): Recorded 100 feature(s) to file `C:\temp\FME_TEMP_SO\fgdb_postgis_AddressBasePlus_32bit_110406\inspector.ffs'
2017-09-14 11:04:08|   2.6|  0.0|STATS |VertexCreator (Disabled) Nuker(TeeFactory): Cloned 100 input feature(s) into 0 output feature(s)
2017-09-14 11:04:08|   2.6|  0.0|STATS |VertexCreator_OUTPUT Feature Counter -1 29(TeeFactory): Cloned 0 input feature(s) into 0 output feature(s)
2017-09-14 11:04:08|   2.6|  0.0|STATS |VertexCreator_<REJECTED> Feature Counter -1 2147680273(TeeFactory): Cloned 0 input feature(s) into 0 output feature(s)
2017-09-14 11:04:08|   2.6|  0.0|STATS |BulkAttributeRenamer(TeeFactory): Cloned 0 input feature(s) into 0 output feature(s)
2017-09-14 11:04:08|   2.6|  0.0|STATS |BulkAttributeRenamer_OUTPUT Feature Counter -1 35(TeeFactory): Cloned 0 input feature(s) into 0 output feature(s)
2017-09-14 11:04:08|   2.6|  0.0|STATS |Destination Feature Type Routing Correlator(RoutingFactory): Tested 0 input feature(s), wrote 0 output feature(s): 0 matched merge filters, 0 were routed to output, 0 could not be routed.
2017-09-14 11:04:08|   2.6|  0.0|STATS |Final Output Nuker(TeeFactory): Cloned 0 input feature(s) into 0 output feature(s)
2017-09-14 11:04:08|   2.6|  0.0|STATS |f_31(CreationFactory): Created 1 features
2017-09-14 11:04:08|   2.6|  0.0|STATS |f_32(TeeFactory): Cloned 1 input feature(s) into 0 output feature(s)
2017-09-14 11:04:08|   2.6|  0.0|INFORM|=-=-=-=-=-=-=-=-=-=-=-=-=-=-=-=-=-=-=-=-=-=-=-=-=-=-=-=-=-=-=-=-=-=-=-=-=-=-=-
2017-09-14 11:04:08|   2.6|  0.0|INFORM|Feature output statistics for `FFS' writer using keyword `W_1':
2017-09-14 11:04:08|   2.6|  0.0|STATS |=-=-=-=-=-=-=-=-=-=-=-=-=-=-=-=-=-=-=-=-=-=-=-=-=-=-=-=-=-=-=-=-=-=-=-=-=-=-=-
2017-09-14 11:04:08|   2.6|  0.0|STATS |                               Features Written
2017-09-14 11:04:08|   2.6|  0.0|STATS |=-=-=-=-=-=-=-=-=-=-=-=-=-=-=-=-=-=-=-=-=-=-=-=-=-=-=-=-=-=-=-=-=-=-=-=-=-=-=-
2017-09-14 11:04:08|   2.6|  0.0|STATS |==============================================================================
2017-09-14 11:04:08|   2.6|  0.0|STATS |Total Features Written                                                       0
2017-09-14 11:04:08|   2.6|  0.0|STATS |=-=-=-=-=-=-=-=-=-=-=-=-=-=-=-=-=-=-=-=-=-=-=-=-=-=-=-=-=-=-=-=-=-=-=-=-=-=-=-
2017-09-14 11:04:08|   2.6|  0.0|STATS |=-=-=-=-=-=-=-=-=-=-=-=-=-=-=-=-=-=-=-=-=-=-=-=-=-=-=-=-=-=-=-=-=-=-=-=-=-=-=-
2017-09-14 11:04:08|   2.6|  0.0|STATS |                            Features Read Summary
2017-09-14 11:04:08|   2.6|  0.0|STATS |=-=-=-=-=-=-=-=-=-=-=-=-=-=-=-=-=-=-=-=-=-=-=-=-=-=-=-=-=-=-=-=-=-=-=-=-=-=-=-
2017-09-14 11:04:08|   2.6|  0.0|STATS |CSV                                                                        100
2017-09-14 11:04:08|   2.6|  0.0|STATS |==============================================================================
2017-09-14 11:04:08|   2.6|  0.0|STATS |Total Features Read                                                        100
2017-09-14 11:04:08|   2.6|  0.0|STATS |=-=-=-=-=-=-=-=-=-=-=-=-=-=-=-=-=-=-=-=-=-=-=-=-=-=-=-=-=-=-=-=-=-=-=-=-=-=-=-
2017-09-14 11:04:08|   2.6|  0.0|STATS |=-=-=-=-=-=-=-=-=-=-=-=-=-=-=-=-=-=-=-=-=-=-=-=-=-=-=-=-=-=-=-=-=-=-=-=-=-=-=-
2017-09-14 11:04:08|   2.6|  0.0|STATS |                           Features Written Summary
2017-09-14 11:04:08|   2.6|  0.0|STATS |=-=-=-=-=-=-=-=-=-=-=-=-=-=-=-=-=-=-=-=-=-=-=-=-=-=-=-=-=-=-=-=-=-=-=-=-=-=-=-
2017-09-14 11:04:08|   2.6|  0.0|STATS |==============================================================================
2017-09-14 11:04:08|   2.6|  0.0|STATS |Total Features Written                                                       0
2017-09-14 11:04:08|   2.6|  0.0|STATS |=-=-=-=-=-=-=-=-=-=-=-=-=-=-=-=-=-=-=-=-=-=-=-=-=-=-=-=-=-=-=-=-=-=-=-=-=-=-=-
2017-09-14 11:04:08|   2.6|  0.0|INFORM|Translation was SUCCESSFUL with 1 warning(s) (0 feature(s) output)
2017-09-14 11:04:08|   2.6|  0.0|INFORM|FME Session Duration: 3.0 seconds. (CPU: 1.0s user, 0.3s system)
2017-09-14 11:04:08|   2.6|  0.0|INFORM|END - ProcessID: 10224, peak process memory usage: 99792 kB, current process memory usage: 48676 kB
